{"C:\\Users\\Matvey\\Desktop\\GourmetResto\\GourmetResto\\my-react-app\\src\\components\\features\\Cart.jsx": {"path":"C:\\Users\\Matvey\\Desktop\\GourmetResto\\GourmetResto\\my-react-app\\src\\components\\features\\Cart.jsx","statementMap":{"0":{"start":{"line":4,"column":13},"end":{"line":42,"column":1}},"1":{"start":{"line":5,"column":19},"end":{"line":5,"column":45}},"2":{"start":{"line":6,"column":22},"end":{"line":6,"column":46}},"3":{"start":{"line":8,"column":2},"end":{"line":41,"column":4}},"4":{"start":{"line":14,"column":28},"end":{"line":14,"column":66}}},"fnMap":{"0":{"name":"(anonymous_0)","decl":{"start":{"line":4,"column":13},"end":{"line":4,"column":14}},"loc":{"start":{"line":4,"column":40},"end":{"line":42,"column":1}},"line":4},"1":{"name":"(anonymous_1)","decl":{"start":{"line":14,"column":20},"end":{"line":14,"column":21}},"loc":{"start":{"line":14,"column":28},"end":{"line":14,"column":66}},"line":14}},"branchMap":{"0":{"loc":{"start":{"line":13,"column":9},"end":{"line":17,"column":9}},"type":"cond-expr","locations":[{"start":{"line":14,"column":10},"end":{"line":14,"column":67}},{"start":{"line":16,"column":10},"end":{"line":16,"column":63}}],"line":13},"1":{"loc":{"start":{"line":20,"column":7},"end":{"line":39,"column":7}},"type":"binary-expr","locations":[{"start":{"line":20,"column":7},"end":{"line":20,"column":23}},{"start":{"line":21,"column":8},"end":{"line":38,"column":14}}],"line":20}},"s":{"0":1,"1":2,"2":2,"3":2,"4":2},"f":{"0":2,"1":2},"b":{"0":[2,0],"1":[2,2]},"_coverageSchema":"1a1c01bbd47fc00a2c39e90264f33305004495a9","hash":"4b58030edbfae8503b9e2317b5bb6c81ff7e5cfd"}
,"C:\\Users\\Matvey\\Desktop\\GourmetResto\\GourmetResto\\my-react-app\\src\\components\\features\\CartItem.jsx": {"path":"C:\\Users\\Matvey\\Desktop\\GourmetResto\\GourmetResto\\my-react-app\\src\\components\\features\\CartItem.jsx","statementMap":{"0":{"start":{"line":1,"column":17},"end":{"line":25,"column":1}},"1":{"start":{"line":2,"column":25},"end":{"line":2,"column":74}},"2":{"start":{"line":2,"column":31},"end":{"line":2,"column":74}},"3":{"start":{"line":3,"column":25},"end":{"line":3,"column":68}},"4":{"start":{"line":3,"column":31},"end":{"line":3,"column":68}},"5":{"start":{"line":4,"column":23},"end":{"line":4,"column":75}},"6":{"start":{"line":4,"column":29},"end":{"line":4,"column":75}},"7":{"start":{"line":6,"column":2},"end":{"line":24,"column":4}}},"fnMap":{"0":{"name":"(anonymous_0)","decl":{"start":{"line":1,"column":17},"end":{"line":1,"column":18}},"loc":{"start":{"line":1,"column":31},"end":{"line":25,"column":1}},"line":1},"1":{"name":"(anonymous_1)","decl":{"start":{"line":2,"column":25},"end":{"line":2,"column":26}},"loc":{"start":{"line":2,"column":31},"end":{"line":2,"column":74}},"line":2},"2":{"name":"(anonymous_2)","decl":{"start":{"line":3,"column":25},"end":{"line":3,"column":26}},"loc":{"start":{"line":3,"column":31},"end":{"line":3,"column":68}},"line":3},"3":{"name":"(anonymous_3)","decl":{"start":{"line":4,"column":23},"end":{"line":4,"column":24}},"loc":{"start":{"line":4,"column":29},"end":{"line":4,"column":75}},"line":4}},"branchMap":{},"s":{"0":2,"1":3,"2":0,"3":3,"4":0,"5":3,"6":0,"7":3},"f":{"0":3,"1":0,"2":0,"3":0},"b":{},"_coverageSchema":"1a1c01bbd47fc00a2c39e90264f33305004495a9","hash":"ff23998fc000902ce478879177be0bea13824929"}
,"C:\\Users\\Matvey\\Desktop\\GourmetResto\\GourmetResto\\my-react-app\\src\\components\\features\\DishCard.jsx": {"path":"C:\\Users\\Matvey\\Desktop\\GourmetResto\\GourmetResto\\my-react-app\\src\\components\\features\\DishCard.jsx","statementMap":{"0":{"start":{"line":5,"column":17},"end":{"line":27,"column":1}},"1":{"start":{"line":6,"column":2},"end":{"line":26,"column":4}},"2":{"start":{"line":21,"column":53},"end":{"line":21,"column":73}}},"fnMap":{"0":{"name":"(anonymous_0)","decl":{"start":{"line":5,"column":17},"end":{"line":5,"column":18}},"loc":{"start":{"line":5,"column":59},"end":{"line":27,"column":1}},"line":5},"1":{"name":"(anonymous_1)","decl":{"start":{"line":21,"column":47},"end":{"line":21,"column":48}},"loc":{"start":{"line":21,"column":53},"end":{"line":21,"column":73}},"line":21}},"branchMap":{},"s":{"0":2,"1":6,"2":1},"f":{"0":6,"1":1},"b":{},"_coverageSchema":"1a1c01bbd47fc00a2c39e90264f33305004495a9","hash":"a0b62fdf247a3ad6f52122a4344aaa7ffc71217b"}
,"C:\\Users\\Matvey\\Desktop\\GourmetResto\\GourmetResto\\my-react-app\\src\\components\\features\\MenuSection.jsx": {"path":"C:\\Users\\Matvey\\Desktop\\GourmetResto\\GourmetResto\\my-react-app\\src\\components\\features\\MenuSection.jsx","statementMap":{"0":{"start":{"line":3,"column":20},"end":{"line":19,"column":1}},"1":{"start":{"line":4,"column":2},"end":{"line":18,"column":4}},"2":{"start":{"line":9,"column":10},"end":{"line":14,"column":12}}},"fnMap":{"0":{"name":"(anonymous_0)","decl":{"start":{"line":3,"column":20},"end":{"line":3,"column":21}},"loc":{"start":{"line":3,"column":71},"end":{"line":19,"column":1}},"line":3},"1":{"name":"(anonymous_1)","decl":{"start":{"line":8,"column":20},"end":{"line":8,"column":21}},"loc":{"start":{"line":9,"column":10},"end":{"line":14,"column":12}},"line":9}},"branchMap":{},"s":{"0":1,"1":2,"2":4},"f":{"0":2,"1":4},"b":{},"_coverageSchema":"1a1c01bbd47fc00a2c39e90264f33305004495a9","hash":"77bb8da9b8d3b942fb391e8ab897615ba345b463"}
,"C:\\Users\\Matvey\\Desktop\\GourmetResto\\GourmetResto\\my-react-app\\src\\components\\features\\ReviewList.jsx": {"path":"C:\\Users\\Matvey\\Desktop\\GourmetResto\\GourmetResto\\my-react-app\\src\\components\\features\\ReviewList.jsx","statementMap":{"0":{"start":{"line":3,"column":19},"end":{"line":22,"column":1}},"1":{"start":{"line":4,"column":2},"end":{"line":21,"column":4}},"2":{"start":{"line":8,"column":8},"end":{"line":18,"column":14}}},"fnMap":{"0":{"name":"(anonymous_0)","decl":{"start":{"line":3,"column":19},"end":{"line":3,"column":20}},"loc":{"start":{"line":3,"column":36},"end":{"line":22,"column":1}},"line":3},"1":{"name":"(anonymous_1)","decl":{"start":{"line":7,"column":19},"end":{"line":7,"column":20}},"loc":{"start":{"line":8,"column":8},"end":{"line":18,"column":14}},"line":8}},"branchMap":{},"s":{"0":0,"1":0,"2":0},"f":{"0":0,"1":0},"b":{}}
,"C:\\Users\\Matvey\\Desktop\\GourmetResto\\GourmetResto\\my-react-app\\src\\components\\layout\\Footer.jsx": {"path":"C:\\Users\\Matvey\\Desktop\\GourmetResto\\GourmetResto\\my-react-app\\src\\components\\layout\\Footer.jsx","statementMap":{"0":{"start":{"line":3,"column":15},"end":{"line":16,"column":1}},"1":{"start":{"line":4,"column":2},"end":{"line":15,"column":4}}},"fnMap":{"0":{"name":"(anonymous_0)","decl":{"start":{"line":3,"column":15},"end":{"line":3,"column":16}},"loc":{"start":{"line":3,"column":29},"end":{"line":16,"column":1}},"line":3}},"branchMap":{},"s":{"0":1,"1":1},"f":{"0":1},"b":{},"_coverageSchema":"1a1c01bbd47fc00a2c39e90264f33305004495a9","hash":"86886f9542e30071273ef370a26489732393c774"}
,"C:\\Users\\Matvey\\Desktop\\GourmetResto\\GourmetResto\\my-react-app\\src\\components\\layout\\Header.jsx": {"path":"C:\\Users\\Matvey\\Desktop\\GourmetResto\\GourmetResto\\my-react-app\\src\\components\\layout\\Header.jsx","statementMap":{"0":{"start":{"line":1,"column":15},"end":{"line":12,"column":1}},"1":{"start":{"line":2,"column":2},"end":{"line":11,"column":4}},"2":{"start":{"line":8,"column":25},"end":{"line":8,"column":49}}},"fnMap":{"0":{"name":"(anonymous_0)","decl":{"start":{"line":1,"column":15},"end":{"line":1,"column":16}},"loc":{"start":{"line":1,"column":40},"end":{"line":12,"column":1}},"line":1},"1":{"name":"(anonymous_1)","decl":{"start":{"line":8,"column":18},"end":{"line":8,"column":19}},"loc":{"start":{"line":8,"column":25},"end":{"line":8,"column":49}},"line":8}},"branchMap":{},"s":{"0":1,"1":1,"2":0},"f":{"0":1,"1":0},"b":{},"_coverageSchema":"1a1c01bbd47fc00a2c39e90264f33305004495a9","hash":"0767f531231893fcc4e011dd8b06e8a74f6eec3a"}
,"C:\\Users\\Matvey\\Desktop\\GourmetResto\\GourmetResto\\my-react-app\\src\\components\\ui\\Button.jsx": {"path":"C:\\Users\\Matvey\\Desktop\\GourmetResto\\GourmetResto\\my-react-app\\src\\components\\ui\\Button.jsx","statementMap":{"0":{"start":{"line":1,"column":15},"end":{"line":7,"column":1}},"1":{"start":{"line":2,"column":2},"end":{"line":6,"column":4}}},"fnMap":{"0":{"name":"(anonymous_0)","decl":{"start":{"line":1,"column":15},"end":{"line":1,"column":16}},"loc":{"start":{"line":1,"column":63},"end":{"line":7,"column":1}},"line":1}},"branchMap":{"0":{"loc":{"start":{"line":1,"column":37},"end":{"line":1,"column":56}},"type":"default-arg","locations":[{"start":{"line":1,"column":47},"end":{"line":1,"column":56}}],"line":1}},"s":{"0":2,"1":6},"f":{"0":6},"b":{"0":[0]},"_coverageSchema":"1a1c01bbd47fc00a2c39e90264f33305004495a9","hash":"43683f979b5259e6530d07115d86a68577a7d255"}
,"C:\\Users\\Matvey\\Desktop\\GourmetResto\\GourmetResto\\my-react-app\\src\\components\\ui\\Card.jsx": {"path":"C:\\Users\\Matvey\\Desktop\\GourmetResto\\GourmetResto\\my-react-app\\src\\components\\ui\\Card.jsx","statementMap":{"0":{"start":{"line":1,"column":13},"end":{"line":11,"column":1}},"1":{"start":{"line":2,"column":2},"end":{"line":10,"column":4}}},"fnMap":{"0":{"name":"(anonymous_0)","decl":{"start":{"line":1,"column":13},"end":{"line":1,"column":14}},"loc":{"start":{"line":1,"column":45},"end":{"line":11,"column":1}},"line":1}},"branchMap":{},"s":{"0":2,"1":6},"f":{"0":6},"b":{},"_coverageSchema":"1a1c01bbd47fc00a2c39e90264f33305004495a9","hash":"7282093630fcefb974f97f89d941d6362be2bb38"}
,"C:\\Users\\Matvey\\Desktop\\GourmetResto\\GourmetResto\\my-react-app\\src\\components\\ui\\CategoryMenu.jsx": {"path":"C:\\Users\\Matvey\\Desktop\\GourmetResto\\GourmetResto\\my-react-app\\src\\components\\ui\\CategoryMenu.jsx","statementMap":{"0":{"start":{"line":1,"column":21},"end":{"line":15,"column":1}},"1":{"start":{"line":2,"column":2},"end":{"line":14,"column":4}},"2":{"start":{"line":5,"column":8},"end":{"line":11,"column":17}},"3":{"start":{"line":8,"column":25},"end":{"line":8,"column":43}}},"fnMap":{"0":{"name":"(anonymous_0)","decl":{"start":{"line":1,"column":21},"end":{"line":1,"column":22}},"loc":{"start":{"line":1,"column":67},"end":{"line":15,"column":1}},"line":1},"1":{"name":"(anonymous_1)","decl":{"start":{"line":4,"column":22},"end":{"line":4,"column":23}},"loc":{"start":{"line":5,"column":8},"end":{"line":11,"column":17}},"line":5},"2":{"name":"(anonymous_2)","decl":{"start":{"line":8,"column":19},"end":{"line":8,"column":20}},"loc":{"start":{"line":8,"column":25},"end":{"line":8,"column":43}},"line":8}},"branchMap":{"0":{"loc":{"start":{"line":7,"column":37},"end":{"line":7,"column":80}},"type":"cond-expr","locations":[{"start":{"line":7,"column":67},"end":{"line":7,"column":75}},{"start":{"line":7,"column":78},"end":{"line":7,"column":80}}],"line":7}},"s":{"0":1,"1":2,"2":6,"3":1},"f":{"0":2,"1":6,"2":1},"b":{"0":[2,4]},"_coverageSchema":"1a1c01bbd47fc00a2c39e90264f33305004495a9","hash":"91a1c6c90b25b872bc83e3effb90ee9a30a7112d"}
,"C:\\Users\\Matvey\\Desktop\\GourmetResto\\GourmetResto\\my-react-app\\src\\components\\ui\\Rating.jsx": {"path":"C:\\Users\\Matvey\\Desktop\\GourmetResto\\GourmetResto\\my-react-app\\src\\components\\ui\\Rating.jsx","statementMap":{"0":{"start":{"line":1,"column":15},"end":{"line":9,"column":1}},"1":{"start":{"line":3,"column":16},"end":{"line":3,"column":81}},"2":{"start":{"line":4,"column":2},"end":{"line":8,"column":4}}},"fnMap":{"0":{"name":"(anonymous_0)","decl":{"start":{"line":1,"column":15},"end":{"line":1,"column":16}},"loc":{"start":{"line":1,"column":30},"end":{"line":9,"column":1}},"line":1}},"branchMap":{},"s":{"0":3,"1":7,"2":7},"f":{"0":7},"b":{},"_coverageSchema":"1a1c01bbd47fc00a2c39e90264f33305004495a9","hash":"7de2f18becb0006398718c79da4a4c01cadb183d"}
,"C:\\Users\\Matvey\\Desktop\\GourmetResto\\GourmetResto\\my-react-app\\src\\utils\\orderUtils.js": {"path":"C:\\Users\\Matvey\\Desktop\\GourmetResto\\GourmetResto\\my-react-app\\src\\utils\\orderUtils.js","statementMap":{"0":{"start":{"line":2,"column":29},"end":{"line":4,"column":1}},"1":{"start":{"line":3,"column":2},"end":{"line":3,"column":26}},"2":{"start":{"line":7,"column":36},"end":{"line":13,"column":1}},"3":{"start":{"line":8,"column":15},"end":{"line":8,"column":25}},"4":{"start":{"line":9,"column":2},"end":{"line":9,"column":52}},"5":{"start":{"line":10,"column":16},"end":{"line":10,"column":56}},"6":{"start":{"line":11,"column":18},"end":{"line":11,"column":60}},"7":{"start":{"line":12,"column":2},"end":{"line":12,"column":31}},"8":{"start":{"line":16,"column":35},"end":{"line":18,"column":1}},"9":{"start":{"line":17,"column":2},"end":{"line":17,"column":78}},"10":{"start":{"line":17,"column":39},"end":{"line":17,"column":73}}},"fnMap":{"0":{"name":"(anonymous_0)","decl":{"start":{"line":2,"column":29},"end":{"line":2,"column":30}},"loc":{"start":{"line":2,"column":42},"end":{"line":4,"column":1}},"line":2},"1":{"name":"(anonymous_1)","decl":{"start":{"line":7,"column":36},"end":{"line":7,"column":37}},"loc":{"start":{"line":7,"column":54},"end":{"line":13,"column":1}},"line":7},"2":{"name":"(anonymous_2)","decl":{"start":{"line":16,"column":35},"end":{"line":16,"column":36}},"loc":{"start":{"line":16,"column":46},"end":{"line":18,"column":1}},"line":16},"3":{"name":"(anonymous_3)","decl":{"start":{"line":17,"column":22},"end":{"line":17,"column":23}},"loc":{"start":{"line":17,"column":39},"end":{"line":17,"column":73}},"line":17}},"branchMap":{},"s":{"0":2,"1":0,"2":2,"3":4,"4":4,"5":4,"6":4,"7":4,"8":2,"9":4,"10":4},"f":{"0":0,"1":4,"2":4,"3":4},"b":{},"_coverageSchema":"1a1c01bbd47fc00a2c39e90264f33305004495a9","hash":"bf63d2d44cbfbe1521bc2a1e4dc4449225f00435"}
}
